<?xml version="1.0" encoding="UTF-8"?>
<!-- Generated by org.testng.reporters.JUnitXMLReporter -->
<testsuite hostname="admin-PC" ignored="0" name="Command line test" tests="8" failures="0" timestamp="28 九月 2017 09:26:24 GMT" time="0.165" errors="0">
  <testcase name="interface02" time="0.002" classname="test.java.project01"/>
  <testcase name="interface02" time="0.0" classname="test.java.project01"/>
  <testcase name="interface03" time="0.001" classname="test.java.project01"/>
  <testcase name="interface03" time="0.0" classname="test.java.project01"/>
  <testcase name="interface03" time="0.0" classname="test.java.project01"/>
  <testcase name="testgetcellvalue" time="0.018" classname="test.java.test_ExcelOperate"/>
  <testcase name="interface02" time="0.0" classname="test.java.project"/>
  <testcase name="interface02" time="0.0" classname="test.java.project"/>
</testsuite> <!-- Command line test -->
