<?xml version="1.0" encoding="UTF-8"?>
<testng-results skipped="0" failed="0" ignored="0" total="8" passed="8">
  <reporter-output>
  </reporter-output>
  <suite name="Command line suite" duration-ms="165" started-at="2017-09-28T09:26:24Z" finished-at="2017-09-28T09:26:24Z">
    <groups>
    </groups>
    <test name="Command line test" duration-ms="165" started-at="2017-09-28T09:26:24Z" finished-at="2017-09-28T09:26:24Z">
      <class name="test.java.project01">
        <test-method status="PASS" signature="interface02(java.lang.String)[pri:0, instance:test.java.project01@4d9e68d0]" name="interface02" duration-ms="2" started-at="2017-09-28T17:26:24Z" data-provider="data" finished-at="2017-09-28T17:26:24Z">
          <params>
            <param index="0">
              <value>
                <![CDATA[哈哈哈]]>
              </value>
            </param>
          </params>
          <reporter-output>
          </reporter-output>
        </test-method> <!-- interface02 -->
        <test-method status="PASS" signature="interface02(java.lang.String)[pri:0, instance:test.java.project01@4d9e68d0]" name="interface02" duration-ms="0" started-at="2017-09-28T17:26:24Z" data-provider="data" finished-at="2017-09-28T17:26:24Z">
          <params>
            <param index="0">
              <value>
                <![CDATA[冰厚]]>
              </value>
            </param>
          </params>
          <reporter-output>
          </reporter-output>
        </test-method> <!-- interface02 -->
        <test-method status="PASS" signature="interface03(java.lang.String)[pri:0, instance:test.java.project01@4d9e68d0]" name="interface03" duration-ms="1" started-at="2017-09-28T17:26:24Z" data-provider="data" finished-at="2017-09-28T17:26:24Z">
          <params>
            <param index="0">
              <value>
                <![CDATA[哈哈哈]]>
              </value>
            </param>
          </params>
          <reporter-output>
          </reporter-output>
        </test-method> <!-- interface03 -->
        <test-method status="PASS" signature="interface03(java.lang.String)[pri:0, instance:test.java.project01@4d9e68d0]" name="interface03" duration-ms="0" started-at="2017-09-28T17:26:24Z" data-provider="data" finished-at="2017-09-28T17:26:24Z">
          <params>
            <param index="0">
              <value>
                <![CDATA[爱迪生]]>
              </value>
            </param>
          </params>
          <reporter-output>
          </reporter-output>
        </test-method> <!-- interface03 -->
        <test-method status="PASS" signature="interface03(java.lang.String)[pri:0, instance:test.java.project01@4d9e68d0]" name="interface03" duration-ms="0" started-at="2017-09-28T17:26:24Z" data-provider="data" finished-at="2017-09-28T17:26:24Z">
          <params>
            <param index="0">
              <value>
                <![CDATA[冰厚]]>
              </value>
            </param>
          </params>
          <reporter-output>
          </reporter-output>
        </test-method> <!-- interface03 -->
      </class> <!-- test.java.project01 -->
      <class name="test.java.test_ExcelOperate">
        <test-method status="PASS" signature="testgetcellvalue()[pri:0, instance:test.java.test_ExcelOperate@52e6fdee]" name="testgetcellvalue" duration-ms="18" started-at="2017-09-28T17:26:24Z" finished-at="2017-09-28T17:26:24Z">
          <reporter-output>
          </reporter-output>
        </test-method> <!-- testgetcellvalue -->
      </class> <!-- test.java.test_ExcelOperate -->
      <class name="test.java.project">
        <test-method status="PASS" signature="interface02(java.lang.String)[pri:0, instance:test.java.project@6c80d78a]" name="interface02" duration-ms="0" started-at="2017-09-28T17:26:24Z" data-provider="data" finished-at="2017-09-28T17:26:24Z">
          <params>
            <param index="0">
              <value>
                <![CDATA[哈哈哈]]>
              </value>
            </param>
          </params>
          <reporter-output>
          </reporter-output>
        </test-method> <!-- interface02 -->
        <test-method status="PASS" signature="interface02(java.lang.String)[pri:0, instance:test.java.project@6c80d78a]" name="interface02" duration-ms="0" started-at="2017-09-28T17:26:24Z" data-provider="data" finished-at="2017-09-28T17:26:24Z">
          <params>
            <param index="0">
              <value>
                <![CDATA[冰厚]]>
              </value>
            </param>
          </params>
          <reporter-output>
          </reporter-output>
        </test-method> <!-- interface02 -->
      </class> <!-- test.java.project -->
    </test> <!-- Command line test -->
  </suite> <!-- Command line suite -->
</testng-results>
